# JRE version: Java(TM) SE Runtime Environment (8.0_271-b09) (build 1.8.0_271-b09)
# Java VM: Java HotSpot(TM) 64-Bit Server VM (25.271-b09 mixed mode windows-amd64 compressed oops)
Heap:
 PSYoungGen      total 235008K, used 52232K [0x00000000d6100000, 0x00000000eb800000, 0x0000000100000000)
  eden space 220672K, 23% used [0x00000000d6100000,0x00000000d9402348,0x00000000e3880000)
  from space 14336K, 0% used [0x00000000e3880000,0x00000000e3880000,0x00000000e4680000)
  to   space 14336K, 0% used [0x00000000eaa00000,0x00000000eaa00000,0x00000000eb800000)
 ParOldGen       total 50176K, used 14327K [0x0000000082200000, 0x0000000085300000, 0x00000000d6100000)
  object space 50176K, 28% used [0x0000000082200000,0x0000000082ffde80,0x0000000085300000)
 Metaspace       used 36867K, capacity 39148K, committed 39256K, reserved 1083392K
  class space    used 4800K, capacity 5196K, committed 5208K, reserved 1048576K
GC Heap History (10 events):
Event: 3.420 GC heap before
{Heap before GC invocations=7 (full 1):
 PSYoungGen      total 138752K, used 6334K [0x00000000d6100000, 0x00000000df100000, 0x0000000100000000)
  eden space 131072K, 0% used [0x00000000d6100000,0x00000000d6100000,0x00000000de100000)
  from space 7680K, 82% used [0x00000000de980000,0x00000000defaf968,0x00000000df100000)
  to   space 8192K, 0% used [0x00000000de100000,0x00000000de100000,0x00000000de900000)
 ParOldGen       total 86016K, used 5516K [0x0000000082200000, 0x0000000087600000, 0x00000000d6100000)
  object space 86016K, 6% used [0x0000000082200000,0x0000000082763130,0x0000000087600000)
 Metaspace       used 20359K, capacity 21114K, committed 21248K, reserved 1067008K
  class space    used 2532K, capacity 2715K, committed 2816K, reserved 1048576K
Event: 3.454 GC heap after
Heap after GC invocations=7 (full 1):
 PSYoungGen      total 138752K, used 0K [0x00000000d6100000, 0x00000000df100000, 0x0000000100000000)
  eden space 131072K, 0% used [0x00000000d6100000,0x00000000d6100000,0x00000000de100000)
  from space 7680K, 0% used [0x00000000de980000,0x00000000de980000,0x00000000df100000)
  to   space 8192K, 0% used [0x00000000de100000,0x00000000de100000,0x00000000de900000)
 ParOldGen       total 50176K, used 6513K [0x0000000082200000, 0x0000000085300000, 0x00000000d6100000)
  object space 50176K, 12% used [0x0000000082200000,0x000000008285c7c0,0x0000000085300000)
 Metaspace       used 20359K, capacity 21114K, committed 21248K, reserved 1067008K
  class space    used 2532K, capacity 2715K, committed 2816K, reserved 1048576K
}
Event: 5.309 GC heap before
{Heap before GC invocations=8 (full 1):
 PSYoungGen      total 138752K, used 131072K [0x00000000d6100000, 0x00000000df100000, 0x0000000100000000)
  eden space 131072K, 100% used [0x00000000d6100000,0x00000000de100000,0x00000000de100000)
  from space 7680K, 0% used [0x00000000de980000,0x00000000de980000,0x00000000df100000)
  to   space 8192K, 0% used [0x00000000de100000,0x00000000de100000,0x00000000de900000)
 ParOldGen       total 50176K, used 6513K [0x0000000082200000, 0x0000000085300000, 0x00000000d6100000)
  object space 50176K, 12% used [0x0000000082200000,0x000000008285c7c0,0x0000000085300000)
 Metaspace       used 25469K, capacity 26552K, committed 26752K, reserved 1073152K
  class space    used 3190K, capacity 3424K, committed 3456K, reserved 1048576K
Event: 5.336 GC heap after
Heap after GC invocations=8 (full 1):
 PSYoungGen      total 139264K, used 8173K [0x00000000d6100000, 0x00000000e5480000, 0x0000000100000000)
  eden space 131072K, 0% used [0x00000000d6100000,0x00000000d6100000,0x00000000de100000)
  from space 8192K, 99% used [0x00000000de100000,0x00000000de8fb640,0x00000000de900000)
  to   space 11776K, 0% used [0x00000000e4900000,0x00000000e4900000,0x00000000e5480000)
 ParOldGen       total 50176K, used 11972K [0x0000000082200000, 0x0000000085300000, 0x00000000d6100000)
  object space 50176K, 23% used [0x0000000082200000,0x0000000082db12c0,0x0000000085300000)
 Metaspace       used 25469K, capacity 26552K, committed 26752K, reserved 1073152K
  class space    used 3190K, capacity 3424K, committed 3456K, reserved 1048576K
}
Event: 8.094 GC heap before
{Heap before GC invocations=9 (full 1):
 PSYoungGen      total 139264K, used 139223K [0x00000000d6100000, 0x00000000e5480000, 0x0000000100000000)
  eden space 131072K, 99% used [0x00000000d6100000,0x00000000de0fa828,0x00000000de100000)
  from space 8192K, 99% used [0x00000000de100000,0x00000000de8fb640,0x00000000de900000)
  to   space 11776K, 0% used [0x00000000e4900000,0x00000000e4900000,0x00000000e5480000)
 ParOldGen       total 50176K, used 11972K [0x0000000082200000, 0x0000000085300000, 0x00000000d6100000)
  object space 50176K, 23% used [0x0000000082200000,0x0000000082db12c0,0x0000000085300000)
 Metaspace       used 32742K, capacity 34682K, committed 34816K, reserved 1079296K
  class space    used 4204K, capacity 4539K, committed 4608K, reserved 1048576K
Event: 8.115 GC heap after
Heap after GC invocations=9 (full 1):
 PSYoungGen      total 232448K, used 11765K [0x00000000d6100000, 0x00000000e5480000, 0x0000000100000000)
  eden space 220672K, 0% used [0x00000000d6100000,0x00000000d6100000,0x00000000e3880000)
  from space 11776K, 99% used [0x00000000e4900000,0x00000000e547d7a0,0x00000000e5480000)
  to   space 14336K, 0% used [0x00000000e3880000,0x00000000e3880000,0x00000000e4680000)
 ParOldGen       total 50176K, used 14353K [0x0000000082200000, 0x0000000085300000, 0x00000000d6100000)
  object space 50176K, 28% used [0x0000000082200000,0x0000000083004630,0x0000000085300000)
 Metaspace       used 32742K, capacity 34682K, committed 34816K, reserved 1079296K
  class space    used 4204K, capacity 4539K, committed 4608K, reserved 1048576K
}
Event: 8.344 GC heap before
{Heap before GC invocations=10 (full 1):
 PSYoungGen      total 232448K, used 33982K [0x00000000d6100000, 0x00000000e5480000, 0x0000000100000000)
  eden space 220672K, 10% used [0x00000000d6100000,0x00000000d76b2310,0x00000000e3880000)
  from space 11776K, 99% used [0x00000000e4900000,0x00000000e547d7a0,0x00000000e5480000)
  to   space 14336K, 0% used [0x00000000e3880000,0x00000000e3880000,0x00000000e4680000)
 ParOldGen       total 50176K, used 14353K [0x0000000082200000, 0x0000000085300000, 0x00000000d6100000)
  object space 50176K, 28% used [0x0000000082200000,0x0000000083004630,0x0000000085300000)
 Metaspace       used 33412K, capacity 35360K, committed 35416K, reserved 1079296K
  class space    used 4292K, capacity 4658K, committed 4696K, reserved 1048576K
Event: 8.361 GC heap after
Heap after GC invocations=10 (full 1):
 PSYoungGen      total 235008K, used 9617K [0x00000000d6100000, 0x00000000eb800000, 0x0000000100000000)
  eden space 220672K, 0% used [0x00000000d6100000,0x00000000d6100000,0x00000000e3880000)
  from space 14336K, 67% used [0x00000000e3880000,0x00000000e41e4660,0x00000000e4680000)
  to   space 14336K, 0% used [0x00000000eaa00000,0x00000000eaa00000,0x00000000eb800000)
 ParOldGen       total 50176K, used 14361K [0x0000000082200000, 0x0000000085300000, 0x00000000d6100000)
  object space 50176K, 28% used [0x0000000082200000,0x0000000083006630,0x0000000085300000)
 Metaspace       used 33412K, capacity 35360K, committed 35416K, reserved 1079296K
  class space    used 4292K, capacity 4658K, committed 4696K, reserved 1048576K
}
Event: 8.361 GC heap before
{Heap before GC invocations=11 (full 2):
 PSYoungGen      total 235008K, used 9617K [0x00000000d6100000, 0x00000000eb800000, 0x0000000100000000)
  eden space 220672K, 0% used [0x00000000d6100000,0x00000000d6100000,0x00000000e3880000)
  from space 14336K, 67% used [0x00000000e3880000,0x00000000e41e4660,0x00000000e4680000)
  to   space 14336K, 0% used [0x00000000eaa00000,0x00000000eaa00000,0x00000000eb800000)
 ParOldGen       total 50176K, used 14361K [0x0000000082200000, 0x0000000085300000, 0x00000000d6100000)
  object space 50176K, 28% used [0x0000000082200000,0x0000000083006630,0x0000000085300000)
 Metaspace       used 33412K, capacity 35360K, committed 35416K, reserved 1079296K
  class space    used 4292K, capacity 4658K, committed 4696K, reserved 1048576K
Event: 8.433 GC heap after
Heap after GC invocations=11 (full 2):
 PSYoungGen      total 235008K, used 0K [0x00000000d6100000, 0x00000000eb800000, 0x0000000100000000)
  eden space 220672K, 0% used [0x00000000d6100000,0x00000000d6100000,0x00000000e3880000)
  from space 14336K, 0% used [0x00000000e3880000,0x00000000e3880000,0x00000000e4680000)
  to   space 14336K, 0% used [0x00000000eaa00000,0x00000000eaa00000,0x00000000eb800000)
 ParOldGen       total 50176K, used 14327K [0x0000000082200000, 0x0000000085300000, 0x00000000d6100000)
  object space 50176K, 28% used [0x0000000082200000,0x0000000082ffde80,0x0000000085300000)
 Metaspace       used 33412K, capacity 35360K, committed 35416K, reserved 1079296K
  class space    used 4292K, capacity 4658K, committed 4696K, reserved 1048576K
}

