# JRE version: Java(TM) SE Runtime Environment (8.0_271-b09) (build 1.8.0_271-b09)
# Java VM: Java HotSpot(TM) 64-Bit Server VM (25.271-b09 mixed mode windows-amd64 compressed oops)
Heap:
 PSYoungGen      total 222208K, used 63167K [0x00000000d6100000, 0x00000000e9300000, 0x0000000100000000)
  eden space 206848K, 30% used [0x00000000d6100000,0x00000000d9eaff38,0x00000000e2b00000)
  from space 15360K, 0% used [0x00000000e2b00000,0x00000000e2b00000,0x00000000e3a00000)
  to   space 19456K, 0% used [0x00000000e8000000,0x00000000e8000000,0x00000000e9300000)
 ParOldGen       total 137216K, used 34402K [0x0000000082200000, 0x000000008a800000, 0x00000000d6100000)
  object space 137216K, 25% used [0x0000000082200000,0x0000000084398810,0x000000008a800000)
 Metaspace       used 60525K, capacity 63590K, committed 63892K, reserved 1105920K
  class space    used 8208K, capacity 8785K, committed 8852K, reserved 1048576K
GC Heap History (10 events):
Event: 13.872 GC heap before
{Heap before GC invocations=10 (full 1):
 PSYoungGen      total 168960K, used 49080K [0x00000000d6100000, 0x00000000e3800000, 0x0000000100000000)
  eden space 159232K, 24% used [0x00000000d6100000,0x00000000d876f298,0x00000000dfc80000)
  from space 9728K, 99% used [0x00000000e0a80000,0x00000000e13fedd8,0x00000000e1400000)
  to   space 14336K, 0% used [0x00000000dfc80000,0x00000000dfc80000,0x00000000e0a80000)
 ParOldGen       total 57344K, used 15581K [0x0000000082200000, 0x0000000085a00000, 0x00000000d6100000)
  object space 57344K, 27% used [0x0000000082200000,0x00000000831376e0,0x0000000085a00000)
 Metaspace       used 33432K, capacity 35336K, committed 35416K, reserved 1079296K
  class space    used 4275K, capacity 4630K, committed 4696K, reserved 1048576K
Event: 13.888 GC heap after
Heap after GC invocations=10 (full 1):
 PSYoungGen      total 173568K, used 9471K [0x00000000d6100000, 0x00000000e4800000, 0x0000000100000000)
  eden space 159232K, 0% used [0x00000000d6100000,0x00000000d6100000,0x00000000dfc80000)
  from space 14336K, 66% used [0x00000000dfc80000,0x00000000e05bffe8,0x00000000e0a80000)
  to   space 14336K, 0% used [0x00000000e3a00000,0x00000000e3a00000,0x00000000e4800000)
 ParOldGen       total 57344K, used 16681K [0x0000000082200000, 0x0000000085a00000, 0x00000000d6100000)
  object space 57344K, 29% used [0x0000000082200000,0x000000008324a700,0x0000000085a00000)
 Metaspace       used 33432K, capacity 35336K, committed 35416K, reserved 1079296K
  class space    used 4275K, capacity 4630K, committed 4696K, reserved 1048576K
}
Event: 13.888 GC heap before
{Heap before GC invocations=11 (full 2):
 PSYoungGen      total 173568K, used 9471K [0x00000000d6100000, 0x00000000e4800000, 0x0000000100000000)
  eden space 159232K, 0% used [0x00000000d6100000,0x00000000d6100000,0x00000000dfc80000)
  from space 14336K, 66% used [0x00000000dfc80000,0x00000000e05bffe8,0x00000000e0a80000)
  to   space 14336K, 0% used [0x00000000e3a00000,0x00000000e3a00000,0x00000000e4800000)
 ParOldGen       total 57344K, used 16681K [0x0000000082200000, 0x0000000085a00000, 0x00000000d6100000)
  object space 57344K, 29% used [0x0000000082200000,0x000000008324a700,0x0000000085a00000)
 Metaspace       used 33432K, capacity 35336K, committed 35416K, reserved 1079296K
  class space    used 4275K, capacity 4630K, committed 4696K, reserved 1048576K
Event: 13.976 GC heap after
Heap after GC invocations=11 (full 2):
 PSYoungGen      total 173568K, used 0K [0x00000000d6100000, 0x00000000e4800000, 0x0000000100000000)
  eden space 159232K, 0% used [0x00000000d6100000,0x00000000d6100000,0x00000000dfc80000)
  from space 14336K, 0% used [0x00000000dfc80000,0x00000000dfc80000,0x00000000e0a80000)
  to   space 14336K, 0% used [0x00000000e3a00000,0x00000000e3a00000,0x00000000e4800000)
 ParOldGen       total 89088K, used 15304K [0x0000000082200000, 0x0000000087900000, 0x00000000d6100000)
  object space 89088K, 17% used [0x0000000082200000,0x00000000830f23c8,0x0000000087900000)
 Metaspace       used 33432K, capacity 35336K, committed 35416K, reserved 1079296K
  class space    used 4275K, capacity 4630K, committed 4696K, reserved 1048576K
}
Event: 16.558 GC heap before
{Heap before GC invocations=12 (full 2):
 PSYoungGen      total 173568K, used 159232K [0x00000000d6100000, 0x00000000e4800000, 0x0000000100000000)
  eden space 159232K, 100% used [0x00000000d6100000,0x00000000dfc80000,0x00000000dfc80000)
  from space 14336K, 0% used [0x00000000dfc80000,0x00000000dfc80000,0x00000000e0a80000)
  to   space 14336K, 0% used [0x00000000e3a00000,0x00000000e3a00000,0x00000000e4800000)
 ParOldGen       total 89088K, used 15304K [0x0000000082200000, 0x0000000087900000, 0x00000000d6100000)
  object space 89088K, 17% used [0x0000000082200000,0x00000000830f23c8,0x0000000087900000)
 Metaspace       used 43484K, capacity 45872K, committed 46168K, reserved 1089536K
  class space    used 5770K, capacity 6184K, committed 6232K, reserved 1048576K
Event: 16.583 GC heap after
Heap after GC invocations=12 (full 2):
 PSYoungGen      total 221184K, used 11304K [0x00000000d6100000, 0x00000000e4a00000, 0x0000000100000000)
  eden space 206848K, 0% used [0x00000000d6100000,0x00000000d6100000,0x00000000e2b00000)
  from space 14336K, 78% used [0x00000000e3a00000,0x00000000e450a238,0x00000000e4800000)
  to   space 15360K, 0% used [0x00000000e2b00000,0x00000000e2b00000,0x00000000e3a00000)
 ParOldGen       total 89088K, used 15312K [0x0000000082200000, 0x0000000087900000, 0x00000000d6100000)
  object space 89088K, 17% used [0x0000000082200000,0x00000000830f43c8,0x0000000087900000)
 Metaspace       used 43484K, capacity 45872K, committed 46168K, reserved 1089536K
  class space    used 5770K, capacity 6184K, committed 6232K, reserved 1048576K
}
Event: 18.555 GC heap before
{Heap before GC invocations=13 (full 2):
 PSYoungGen      total 221184K, used 163670K [0x00000000d6100000, 0x00000000e4a00000, 0x0000000100000000)
  eden space 206848K, 73% used [0x00000000d6100000,0x00000000df5cb958,0x00000000e2b00000)
  from space 14336K, 78% used [0x00000000e3a00000,0x00000000e450a238,0x00000000e4800000)
  to   space 15360K, 0% used [0x00000000e2b00000,0x00000000e2b00000,0x00000000e3a00000)
 ParOldGen       total 89088K, used 15312K [0x0000000082200000, 0x0000000087900000, 0x00000000d6100000)
  object space 89088K, 17% used [0x0000000082200000,0x00000000830f43c8,0x0000000087900000)
 Metaspace       used 56050K, capacity 58952K, committed 59028K, reserved 1099776K
  class space    used 7470K, capacity 8030K, committed 8084K, reserved 1048576K
Event: 18.589 GC heap after
Heap after GC invocations=13 (full 2):
 PSYoungGen      total 222208K, used 15330K [0x00000000d6100000, 0x00000000e9300000, 0x0000000100000000)
  eden space 206848K, 0% used [0x00000000d6100000,0x00000000d6100000,0x00000000e2b00000)
  from space 15360K, 99% used [0x00000000e2b00000,0x00000000e39f8b78,0x00000000e3a00000)
  to   space 19456K, 0% used [0x00000000e8000000,0x00000000e8000000,0x00000000e9300000)
 ParOldGen       total 89088K, used 21152K [0x0000000082200000, 0x0000000087900000, 0x00000000d6100000)
  object space 89088K, 23% used [0x0000000082200000,0x00000000836a80c0,0x0000000087900000)
 Metaspace       used 56050K, capacity 58952K, committed 59028K, reserved 1099776K
  class space    used 7470K, capacity 8030K, committed 8084K, reserved 1048576K
}
Event: 18.589 GC heap before
{Heap before GC invocations=14 (full 3):
 PSYoungGen      total 222208K, used 15330K [0x00000000d6100000, 0x00000000e9300000, 0x0000000100000000)
  eden space 206848K, 0% used [0x00000000d6100000,0x00000000d6100000,0x00000000e2b00000)
  from space 15360K, 99% used [0x00000000e2b00000,0x00000000e39f8b78,0x00000000e3a00000)
  to   space 19456K, 0% used [0x00000000e8000000,0x00000000e8000000,0x00000000e9300000)
 ParOldGen       total 89088K, used 21152K [0x0000000082200000, 0x0000000087900000, 0x00000000d6100000)
  object space 89088K, 23% used [0x0000000082200000,0x00000000836a80c0,0x0000000087900000)
 Metaspace       used 56050K, capacity 58952K, committed 59028K, reserved 1099776K
  class space    used 7470K, capacity 8030K, committed 8084K, reserved 1048576K
Event: 18.846 GC heap after
Heap after GC invocations=14 (full 3):
 PSYoungGen      total 222208K, used 0K [0x00000000d6100000, 0x00000000e9300000, 0x0000000100000000)
  eden space 206848K, 0% used [0x00000000d6100000,0x00000000d6100000,0x00000000e2b00000)
  from space 15360K, 0% used [0x00000000e2b00000,0x00000000e2b00000,0x00000000e3a00000)
  to   space 19456K, 0% used [0x00000000e8000000,0x00000000e8000000,0x00000000e9300000)
 ParOldGen       total 137216K, used 34402K [0x0000000082200000, 0x000000008a800000, 0x00000000d6100000)
  object space 137216K, 25% used [0x0000000082200000,0x0000000084398810,0x000000008a800000)
 Metaspace       used 56050K, capacity 58952K, committed 59028K, reserved 1099776K
  class space    used 7470K, capacity 8030K, committed 8084K, reserved 1048576K
}

