# JRE version: Java(TM) SE Runtime Environment (8.0_271-b09) (build 1.8.0_271-b09)
# Java VM: Java HotSpot(TM) 64-Bit Server VM (25.271-b09 mixed mode windows-amd64 compressed oops)
Heap:
 PSYoungGen      total 233984K, used 64589K [0x00000000d6100000, 0x00000000eb000000, 0x0000000100000000)
  eden space 219648K, 29% used [0x00000000d6100000,0x00000000da0137f8,0x00000000e3780000)
  from space 14336K, 0% used [0x00000000e3780000,0x00000000e3780000,0x00000000e4580000)
  to   space 14336K, 0% used [0x00000000ea200000,0x00000000ea200000,0x00000000eb000000)
 ParOldGen       total 71168K, used 14278K [0x0000000082200000, 0x0000000086780000, 0x00000000d6100000)
  object space 71168K, 20% used [0x0000000082200000,0x0000000082ff1818,0x0000000086780000)
 Metaspace       used 37666K, capacity 39914K, committed 40152K, reserved 1083392K
  class space    used 4918K, capacity 5325K, committed 5336K, reserved 1048576K
GC Heap History (10 events):
Event: 2.769 GC heap before
{Heap before GC invocations=7 (full 1):
 PSYoungGen      total 138752K, used 6307K [0x00000000d6100000, 0x00000000df100000, 0x0000000100000000)
  eden space 131072K, 0% used [0x00000000d6100000,0x00000000d6100000,0x00000000de100000)
  from space 7680K, 82% used [0x00000000de980000,0x00000000defa8cd8,0x00000000df100000)
  to   space 8192K, 0% used [0x00000000de100000,0x00000000de100000,0x00000000de900000)
 ParOldGen       total 86016K, used 5515K [0x0000000082200000, 0x0000000087600000, 0x00000000d6100000)
  object space 86016K, 6% used [0x0000000082200000,0x0000000082762c40,0x0000000087600000)
 Metaspace       used 20360K, capacity 21110K, committed 21248K, reserved 1067008K
  class space    used 2532K, capacity 2715K, committed 2816K, reserved 1048576K
Event: 2.806 GC heap after
Heap after GC invocations=7 (full 1):
 PSYoungGen      total 138752K, used 0K [0x00000000d6100000, 0x00000000df100000, 0x0000000100000000)
  eden space 131072K, 0% used [0x00000000d6100000,0x00000000d6100000,0x00000000de100000)
  from space 7680K, 0% used [0x00000000de980000,0x00000000de980000,0x00000000df100000)
  to   space 8192K, 0% used [0x00000000de100000,0x00000000de100000,0x00000000de900000)
 ParOldGen       total 50176K, used 6520K [0x0000000082200000, 0x0000000085300000, 0x00000000d6100000)
  object space 50176K, 12% used [0x0000000082200000,0x000000008285e128,0x0000000085300000)
 Metaspace       used 20360K, capacity 21110K, committed 21248K, reserved 1067008K
  class space    used 2532K, capacity 2715K, committed 2816K, reserved 1048576K
}
Event: 4.531 GC heap before
{Heap before GC invocations=8 (full 1):
 PSYoungGen      total 138752K, used 131072K [0x00000000d6100000, 0x00000000df100000, 0x0000000100000000)
  eden space 131072K, 100% used [0x00000000d6100000,0x00000000de100000,0x00000000de100000)
  from space 7680K, 0% used [0x00000000de980000,0x00000000de980000,0x00000000df100000)
  to   space 8192K, 0% used [0x00000000de100000,0x00000000de100000,0x00000000de900000)
 ParOldGen       total 50176K, used 6520K [0x0000000082200000, 0x0000000085300000, 0x00000000d6100000)
  object space 50176K, 12% used [0x0000000082200000,0x000000008285e128,0x0000000085300000)
 Metaspace       used 25477K, capacity 26548K, committed 26752K, reserved 1073152K
  class space    used 3190K, capacity 3424K, committed 3456K, reserved 1048576K
Event: 4.554 GC heap after
Heap after GC invocations=8 (full 1):
 PSYoungGen      total 139264K, used 8190K [0x00000000d6100000, 0x00000000e5380000, 0x0000000100000000)
  eden space 131072K, 0% used [0x00000000d6100000,0x00000000d6100000,0x00000000de100000)
  from space 8192K, 99% used [0x00000000de100000,0x00000000de8ffa80,0x00000000de900000)
  to   space 11776K, 0% used [0x00000000e4800000,0x00000000e4800000,0x00000000e5380000)
 ParOldGen       total 50176K, used 12034K [0x0000000082200000, 0x0000000085300000, 0x00000000d6100000)
  object space 50176K, 23% used [0x0000000082200000,0x0000000082dc0ab8,0x0000000085300000)
 Metaspace       used 25477K, capacity 26548K, committed 26752K, reserved 1073152K
  class space    used 3190K, capacity 3424K, committed 3456K, reserved 1048576K
}
Event: 7.620 GC heap before
{Heap before GC invocations=9 (full 1):
 PSYoungGen      total 139264K, used 139258K [0x00000000d6100000, 0x00000000e5380000, 0x0000000100000000)
  eden space 131072K, 99% used [0x00000000d6100000,0x00000000de0fee70,0x00000000de100000)
  from space 8192K, 99% used [0x00000000de100000,0x00000000de8ffa80,0x00000000de900000)
  to   space 11776K, 0% used [0x00000000e4800000,0x00000000e4800000,0x00000000e5380000)
 ParOldGen       total 50176K, used 12034K [0x0000000082200000, 0x0000000085300000, 0x00000000d6100000)
  object space 50176K, 23% used [0x0000000082200000,0x0000000082dc0ab8,0x0000000085300000)
 Metaspace       used 32763K, capacity 34742K, committed 35072K, reserved 1079296K
  class space    used 4205K, capacity 4539K, committed 4608K, reserved 1048576K
Event: 7.640 GC heap after
Heap after GC invocations=9 (full 1):
 PSYoungGen      total 230400K, used 11751K [0x00000000d6100000, 0x00000000e5380000, 0x0000000100000000)
  eden space 218624K, 0% used [0x00000000d6100000,0x00000000d6100000,0x00000000e3680000)
  from space 11776K, 99% used [0x00000000e4800000,0x00000000e5379ef0,0x00000000e5380000)
  to   space 14336K, 0% used [0x00000000e3780000,0x00000000e3780000,0x00000000e4580000)
 ParOldGen       total 50176K, used 14416K [0x0000000082200000, 0x0000000085300000, 0x00000000d6100000)
  object space 50176K, 28% used [0x0000000082200000,0x0000000083014050,0x0000000085300000)
 Metaspace       used 32763K, capacity 34742K, committed 35072K, reserved 1079296K
  class space    used 4205K, capacity 4539K, committed 4608K, reserved 1048576K
}
Event: 7.875 GC heap before
{Heap before GC invocations=10 (full 1):
 PSYoungGen      total 230400K, used 33847K [0x00000000d6100000, 0x00000000e5380000, 0x0000000100000000)
  eden space 218624K, 10% used [0x00000000d6100000,0x00000000d7693f18,0x00000000e3680000)
  from space 11776K, 99% used [0x00000000e4800000,0x00000000e5379ef0,0x00000000e5380000)
  to   space 14336K, 0% used [0x00000000e3780000,0x00000000e3780000,0x00000000e4580000)
 ParOldGen       total 50176K, used 14416K [0x0000000082200000, 0x0000000085300000, 0x00000000d6100000)
  object space 50176K, 28% used [0x0000000082200000,0x0000000083014050,0x0000000085300000)
 Metaspace       used 33336K, capacity 35322K, committed 35416K, reserved 1079296K
  class space    used 4278K, capacity 4647K, committed 4696K, reserved 1048576K
Event: 7.891 GC heap after
Heap after GC invocations=10 (full 1):
 PSYoungGen      total 233984K, used 9457K [0x00000000d6100000, 0x00000000eb000000, 0x0000000100000000)
  eden space 219648K, 0% used [0x00000000d6100000,0x00000000d6100000,0x00000000e3780000)
  from space 14336K, 65% used [0x00000000e3780000,0x00000000e40bc660,0x00000000e4580000)
  to   space 14336K, 0% used [0x00000000ea200000,0x00000000ea200000,0x00000000eb000000)
 ParOldGen       total 50176K, used 14424K [0x0000000082200000, 0x0000000085300000, 0x00000000d6100000)
  object space 50176K, 28% used [0x0000000082200000,0x0000000083016050,0x0000000085300000)
 Metaspace       used 33336K, capacity 35322K, committed 35416K, reserved 1079296K
  class space    used 4278K, capacity 4647K, committed 4696K, reserved 1048576K
}
Event: 7.891 GC heap before
{Heap before GC invocations=11 (full 2):
 PSYoungGen      total 233984K, used 9457K [0x00000000d6100000, 0x00000000eb000000, 0x0000000100000000)
  eden space 219648K, 0% used [0x00000000d6100000,0x00000000d6100000,0x00000000e3780000)
  from space 14336K, 65% used [0x00000000e3780000,0x00000000e40bc660,0x00000000e4580000)
  to   space 14336K, 0% used [0x00000000ea200000,0x00000000ea200000,0x00000000eb000000)
 ParOldGen       total 50176K, used 14424K [0x0000000082200000, 0x0000000085300000, 0x00000000d6100000)
  object space 50176K, 28% used [0x0000000082200000,0x0000000083016050,0x0000000085300000)
 Metaspace       used 33336K, capacity 35322K, committed 35416K, reserved 1079296K
  class space    used 4278K, capacity 4647K, committed 4696K, reserved 1048576K
Event: 7.957 GC heap after
Heap after GC invocations=11 (full 2):
 PSYoungGen      total 233984K, used 0K [0x00000000d6100000, 0x00000000eb000000, 0x0000000100000000)
  eden space 219648K, 0% used [0x00000000d6100000,0x00000000d6100000,0x00000000e3780000)
  from space 14336K, 0% used [0x00000000e3780000,0x00000000e3780000,0x00000000e4580000)
  to   space 14336K, 0% used [0x00000000ea200000,0x00000000ea200000,0x00000000eb000000)
 ParOldGen       total 71168K, used 14278K [0x0000000082200000, 0x0000000086780000, 0x00000000d6100000)
  object space 71168K, 20% used [0x0000000082200000,0x0000000082ff1818,0x0000000086780000)
 Metaspace       used 33336K, capacity 35322K, committed 35416K, reserved 1079296K
  class space    used 4278K, capacity 4647K, committed 4696K, reserved 1048576K
}

